<?xml version="1.0" encoding="UTF-8"?>
<testsuites>
  <testsuite name="tests" tests="1" assertions="3" failures="0" errors="0" time="0.039702">
    <testsuite name="TechFinancials\Tests\RegisterTraderTest" file="/var/www/techfinancials-api-client/tests/RegisterTraderTest.php" tests="1" assertions="3" failures="0" errors="0" time="0.039702">
      <testcase name="testSuccessfulResponse" class="TechFinancials\Tests\RegisterTraderTest" file="/var/www/techfinancials-api-client/tests/RegisterTraderTest.php" line="11" assertions="3" time="0.039702"/>
    </testsuite>
  </testsuite>
</testsuites>
