<?xml version="1.0" encoding="UTF-8"?>
<testsuites>
  <testsuite name="tests" tests="3" assertions="8" failures="0" errors="0" time="0.151551">
    <testsuite name="TechFinancials\Tests\FindAccountsTest" file="/var/www/techfinancials-api-client/tests/FindAccountsTest.php" tests="1" assertions="4" failures="0" errors="0" time="0.101893">
      <testcase name="testSuccessfulResponse" class="TechFinancials\Tests\FindAccountsTest" file="/var/www/techfinancials-api-client/tests/FindAccountsTest.php" line="10" assertions="4" time="0.101893"/>
    </testsuite>
    <testsuite name="TechFinancials\Tests\RegisterTraderTest" file="/var/www/techfinancials-api-client/tests/RegisterTraderTest.php" tests="1" assertions="3" failures="0" errors="0" time="0.049375">
      <testcase name="testSuccessfulResponse" class="TechFinancials\Tests\RegisterTraderTest" file="/var/www/techfinancials-api-client/tests/RegisterTraderTest.php" line="11" assertions="3" time="0.049375"/>
    </testsuite>
    <testsuite name="TechFinancials\Tests\RequestTest" file="/var/www/techfinancials-api-client/tests/RequestTest.php" tests="1" assertions="1" failures="0" errors="0" time="0.000283">
      <testcase name="testWrongInitialization" class="TechFinancials\Tests\RequestTest" file="/var/www/techfinancials-api-client/tests/RequestTest.php" line="12" assertions="1" time="0.000283"/>
    </testsuite>
  </testsuite>
</testsuites>
